<?xml version="1.0" encoding="UTF-8"?>
<!-- Generated by org.testng.reporters.JUnitReportReporter -->
<testsuite skipped="0" hostname="fareeha" name="com.qa.tests.DemoTest1" tests="3" failures="0" timestamp="10 Apr 2019 10:41:42 GMT" time="0.015" errors="0">
  <testcase name="mul" time="0.001" classname="com.qa.tests.DemoTest1"/>
  <testcase name="sum" time="0.001" classname="com.qa.tests.DemoTest1"/>
  <testcase name="div" time="0.013" classname="com.qa.tests.DemoTest1"/>
</testsuite> <!-- com.qa.tests.DemoTest1 -->
